  pch.cpp
  BCSRec.Tests.cpp
     Creating library C:\Users\d_nsh\OneDrive\Desktop\BCS\CSCN 71020\CSCN71020_assign02\CSCN71020_A2 (1)\CSCN71020_A2\Debug\BCSRec.Tests.lib and object C:\Users\d_nsh\OneDrive\Desktop\BCS\CSCN 71020\CSCN71020_assign02\CSCN71020_A2 (1)\CSCN71020_A2\Debug\BCSRec.Tests.exp
BCSRec.Tests.obj : error LNK2019: unresolved external symbol _getPerimeter referenced in function "public: void __thiscall BCSRecUnitTests::BCSRecUnitTest::PerimeterTest(void)" (?PerimeterTest@BCSRecUnitTest@BCSRecUnitTests@@QAEXXZ)
BCSRec.Tests.obj : error LNK2019: unresolved external symbol _getArea referenced in function "public: void __thiscall BCSRecUnitTests::BCSRecUnitTest::AreaTest(void)" (?AreaTest@BCSRecUnitTest@BCSRecUnitTests@@QAEXXZ)
BCSRec.Tests.obj : error LNK2019: unresolved external symbol _setLength referenced in function "public: void __thiscall BCSRecUnitTests::BCSRecUnitTest::setLengthTest01(void)" (?setLengthTest01@BCSRecUnitTest@BCSRecUnitTests@@QAEXXZ)
BCSRec.Tests.obj : error LNK2019: unresolved external symbol _setWidth referenced in function "public: void __thiscall BCSRecUnitTests::BCSRecUnitTest::setWidthTest01(void)" (?setWidthTest01@BCSRecUnitTest@BCSRecUnitTests@@QAEXXZ)
C:\Users\d_nsh\OneDrive\Desktop\BCS\CSCN 71020\CSCN71020_assign02\CSCN71020_A2 (1)\CSCN71020_A2\Debug\BCSRec.Tests.dll : fatal error LNK1120: 4 unresolved externals
